<?xml version="1.0" encoding="UTF-8"?>
<!-- Generated by org.testng.reporters.JUnitXMLReporter -->
<testsuite ignored="0" hostname="DESKTOP-BFDA5P9" failures="6" tests="6" name="Test" time="0.116" errors="0" timestamp="2024-05-27T09:19:41 IST">
  <testcase classname="TestNgFashion.Ajio" name="ajio" time="0.0">
    <failure type="org.testng.TestNGException" message="
Parameter &amp;apos;url&amp;apos; is required by @Test on method ajio but has not been marked @Optional or defined
in C:\Users\user\eclipse-workspace\Qsp_java\src\oops\com.crm.AdvancedSel\GroupExec.xml">
      <![CDATA[org.testng.TestNGException: 
Parameter 'url' is required by @Test on method ajio but has not been marked @Optional or defined
in C:\Users\user\eclipse-workspace\Qsp_java\src\oops\com.crm.AdvancedSel\GroupExec.xml
at java.base/java.util.ArrayList.forEach(ArrayList.java:1511)
... Removed 26 stack frames]]>
    </failure>
  </testcase> <!-- ajio -->
  <testcase classname="TestNgFashion.KalkiFashion" name="kFashion" time="0.0">
    <failure type="org.testng.TestNGException" message="
Parameter &amp;apos;url&amp;apos; is required by @Test on method kFashion but has not been marked @Optional or defined
in C:\Users\user\eclipse-workspace\Qsp_java\src\oops\com.crm.AdvancedSel\GroupExec.xml">
      <![CDATA[org.testng.TestNGException: 
Parameter 'url' is required by @Test on method kFashion but has not been marked @Optional or defined
in C:\Users\user\eclipse-workspace\Qsp_java\src\oops\com.crm.AdvancedSel\GroupExec.xml
at java.base/java.util.ArrayList.forEach(ArrayList.java:1511)
... Removed 26 stack frames]]>
    </failure>
  </testcase> <!-- kFashion -->
  <testcase classname="TestNgFashion.Dws" name="dws" time="0.0">
    <failure type="org.testng.TestNGException" message="
Parameter &amp;apos;url&amp;apos; is required by @Test on method dws but has not been marked @Optional or defined
in C:\Users\user\eclipse-workspace\Qsp_java\src\oops\com.crm.AdvancedSel\GroupExec.xml">
      <![CDATA[org.testng.TestNGException: 
Parameter 'url' is required by @Test on method dws but has not been marked @Optional or defined
in C:\Users\user\eclipse-workspace\Qsp_java\src\oops\com.crm.AdvancedSel\GroupExec.xml
at java.base/java.util.ArrayList.forEach(ArrayList.java:1511)
... Removed 26 stack frames]]>
    </failure>
  </testcase> <!-- dws -->
  <testcase classname="TestNgTravel.AbhiBus" name="abhiBus" time="0.0">
    <failure type="org.testng.TestNGException" message="
Parameter &amp;apos;url&amp;apos; is required by @Test on method abhiBus but has not been marked @Optional or defined
in C:\Users\user\eclipse-workspace\Qsp_java\src\oops\com.crm.AdvancedSel\GroupExec.xml">
      <![CDATA[org.testng.TestNGException: 
Parameter 'url' is required by @Test on method abhiBus but has not been marked @Optional or defined
in C:\Users\user\eclipse-workspace\Qsp_java\src\oops\com.crm.AdvancedSel\GroupExec.xml
at java.base/java.util.ArrayList.forEach(ArrayList.java:1511)
... Removed 26 stack frames]]>
    </failure>
  </testcase> <!-- abhiBus -->
  <testcase classname="TestNgTravel.RedBus" name="redBus" time="0.0">
    <failure type="org.testng.TestNGException" message="
Parameter &amp;apos;url&amp;apos; is required by @Test on method redBus but has not been marked @Optional or defined
in C:\Users\user\eclipse-workspace\Qsp_java\src\oops\com.crm.AdvancedSel\GroupExec.xml">
      <![CDATA[org.testng.TestNGException: 
Parameter 'url' is required by @Test on method redBus but has not been marked @Optional or defined
in C:\Users\user\eclipse-workspace\Qsp_java\src\oops\com.crm.AdvancedSel\GroupExec.xml
at java.base/java.util.ArrayList.forEach(ArrayList.java:1511)
... Removed 26 stack frames]]>
    </failure>
  </testcase> <!-- redBus -->
  <testcase classname="TestNgTravel.MakeMyTrip" name="makeTrip" time="0.0">
    <failure type="org.testng.TestNGException" message="
Parameter &amp;apos;url&amp;apos; is required by @Test on method makeTrip but has not been marked @Optional or defined
in C:\Users\user\eclipse-workspace\Qsp_java\src\oops\com.crm.AdvancedSel\GroupExec.xml">
      <![CDATA[org.testng.TestNGException: 
Parameter 'url' is required by @Test on method makeTrip but has not been marked @Optional or defined
in C:\Users\user\eclipse-workspace\Qsp_java\src\oops\com.crm.AdvancedSel\GroupExec.xml
at java.base/java.util.ArrayList.forEach(ArrayList.java:1511)
... Removed 26 stack frames]]>
    </failure>
  </testcase> <!-- makeTrip -->
</testsuite> <!-- Test -->
